Connecting to database specified by database.yml
Connecting to database specified by database.yml
  [1m[36m (0.1ms)[0m  [1mselect sqlite_version(*)[0m
  [1m[35m (2.2ms)[0m  CREATE TABLE "schema_migrations" ("version" varchar(255) NOT NULL) 
  [1m[36m (0.0ms)[0m  [1mPRAGMA index_list("schema_migrations")[0m
  [1m[35m (0.6ms)[0m  CREATE UNIQUE INDEX "unique_schema_migrations" ON "schema_migrations" ("version")
  [1m[36m (0.1ms)[0m  [1mSELECT "schema_migrations"."version" FROM "schema_migrations" [0m
Migrating to CreateProducts (20121109213125)
  [1m[35m (0.0ms)[0m  begin transaction
  [1m[36m (0.3ms)[0m  [1mCREATE TABLE "products" ("id" INTEGER PRIMARY KEY AUTOINCREMENT NOT NULL, "title" varchar(255), "description" text, "image_url" varchar(255), "price" decimal(8,2), "created_at" datetime NOT NULL, "updated_at" datetime NOT NULL) [0m
  [1m[35m (0.1ms)[0m  INSERT INTO "schema_migrations" ("version") VALUES ('20121109213125')
  [1m[36m (0.6ms)[0m  [1mcommit transaction[0m
  [1m[35m (0.2ms)[0m  select sqlite_version(*)
  [1m[36m (0.1ms)[0m  [1mSELECT "schema_migrations"."version" FROM "schema_migrations" [0m
  [1m[35m (0.0ms)[0m  PRAGMA index_list("products")


Started GET "/assets/rails.png" for 127.0.0.1 at 2012-11-09 14:34:21 -0700
Connecting to database specified by database.yml
Served asset /rails.png - 200 OK (4ms)


Started GET "/products" for 127.0.0.1 at 2012-11-09 14:34:30 -0700
Processing by ProductsController#index as HTML
  [1m[36mProduct Load (0.1ms)[0m  [1mSELECT "products".* FROM "products" [0m
  Rendered products/index.html.erb within layouts/application (7.6ms)
Compiled products.css  (15ms)  (pid 24000)
Compiled scaffolds.css  (11ms)  (pid 24000)
Compiled application.css  (60ms)  (pid 24000)
Compiled jquery.js  (25ms)  (pid 24000)
Compiled jquery_ujs.js  (0ms)  (pid 24000)
Compiled products.js  (62ms)  (pid 24000)
Compiled application.js  (144ms)  (pid 24000)
Completed 200 OK in 351ms (Views: 296.3ms | ActiveRecord: 4.6ms)


Started GET "/assets/application.css?body=1" for 127.0.0.1 at 2012-11-09 14:34:30 -0700
Served asset /application.css - 200 OK (13ms)


Started GET "/assets/products.css?body=1" for 127.0.0.1 at 2012-11-09 14:34:30 -0700
Served asset /products.css - 200 OK (1ms)


Started GET "/assets/scaffolds.css?body=1" for 127.0.0.1 at 2012-11-09 14:34:30 -0700
Served asset /scaffolds.css - 200 OK (3ms)


Started GET "/assets/jquery.js?body=1" for 127.0.0.1 at 2012-11-09 14:34:30 -0700
Served asset /jquery.js - 200 OK (3ms)


Started GET "/assets/jquery_ujs.js?body=1" for 127.0.0.1 at 2012-11-09 14:34:30 -0700
Served asset /jquery_ujs.js - 200 OK (2ms)


Started GET "/assets/products.js?body=1" for 127.0.0.1 at 2012-11-09 14:34:30 -0700
Served asset /products.js - 200 OK (1ms)


Started GET "/assets/application.js?body=1" for 127.0.0.1 at 2012-11-09 14:34:30 -0700
Served asset /application.js - 200 OK (5ms)


Started GET "/assets/rails.png" for 127.0.0.1 at 2012-11-09 14:37:26 -0700
Connecting to database specified by database.yml
Served asset /rails.png - 304 Not Modified (1ms)


Started GET "/posts" for 127.0.0.1 at 2012-11-09 14:37:28 -0700

ActionController::RoutingError (No route matches [GET] "/posts"):
  actionpack (3.2.8) lib/action_dispatch/middleware/debug_exceptions.rb:21:in `call'
  actionpack (3.2.8) lib/action_dispatch/middleware/show_exceptions.rb:56:in `call'
  railties (3.2.8) lib/rails/rack/logger.rb:26:in `call_app'
  railties (3.2.8) lib/rails/rack/logger.rb:16:in `call'
  actionpack (3.2.8) lib/action_dispatch/middleware/request_id.rb:22:in `call'
  rack (1.4.1) lib/rack/methodoverride.rb:21:in `call'
  rack (1.4.1) lib/rack/runtime.rb:17:in `call'
  activesupport (3.2.8) lib/active_support/cache/strategy/local_cache.rb:72:in `call'
  rack (1.4.1) lib/rack/lock.rb:15:in `call'
  actionpack (3.2.8) lib/action_dispatch/middleware/static.rb:62:in `call'
  railties (3.2.8) lib/rails/engine.rb:479:in `call'
  railties (3.2.8) lib/rails/application.rb:223:in `call'
  rack (1.4.1) lib/rack/content_length.rb:14:in `call'
  railties (3.2.8) lib/rails/rack/log_tailer.rb:17:in `call'
  rack (1.4.1) lib/rack/handler/webrick.rb:59:in `service'
  /Users/vicenteleyba/.rvm/rubies/ruby-1.9.2-p290/lib/ruby/1.9.1/webrick/httpserver.rb:111:in `service'
  /Users/vicenteleyba/.rvm/rubies/ruby-1.9.2-p290/lib/ruby/1.9.1/webrick/httpserver.rb:70:in `run'
  /Users/vicenteleyba/.rvm/rubies/ruby-1.9.2-p290/lib/ruby/1.9.1/webrick/server.rb:183:in `block in start_thread'


  Rendered /Users/vicenteleyba/.rvm/gems/ruby-1.9.2-p290/gems/actionpack-3.2.8/lib/action_dispatch/middleware/templates/rescues/routing_error.erb within rescues/layout (6.9ms)


Started GET "/products" for 127.0.0.1 at 2012-11-09 14:37:34 -0700
Processing by ProductsController#index as HTML
  [1m[36mProduct Load (0.1ms)[0m  [1mSELECT "products".* FROM "products" [0m
  Rendered products/index.html.erb within layouts/application (0.7ms)
Completed 200 OK in 55ms (Views: 15.6ms | ActiveRecord: 4.7ms)


Started GET "/assets/application.css?body=1" for 127.0.0.1 at 2012-11-09 14:37:34 -0700
Served asset /application.css - 304 Not Modified (6ms)


Started GET "/assets/jquery.js?body=1" for 127.0.0.1 at 2012-11-09 14:37:34 -0700
Served asset /jquery.js - 304 Not Modified (2ms)


Started GET "/assets/scaffolds.css?body=1" for 127.0.0.1 at 2012-11-09 14:37:34 -0700
Served asset /scaffolds.css - 304 Not Modified (1ms)


Started GET "/assets/products.css?body=1" for 127.0.0.1 at 2012-11-09 14:37:34 -0700
Served asset /products.css - 304 Not Modified (1ms)


Started GET "/assets/jquery_ujs.js?body=1" for 127.0.0.1 at 2012-11-09 14:37:34 -0700
Served asset /jquery_ujs.js - 304 Not Modified (1ms)


Started GET "/assets/products.js?body=1" for 127.0.0.1 at 2012-11-09 14:37:34 -0700
Served asset /products.js - 304 Not Modified (1ms)


Started GET "/assets/application.js?body=1" for 127.0.0.1 at 2012-11-09 14:37:34 -0700
Served asset /application.js - 304 Not Modified (4ms)


Started GET "/products/new" for 127.0.0.1 at 2012-11-09 14:38:00 -0700
Processing by ProductsController#new as HTML
  Rendered products/_form.html.erb (7.7ms)
  Rendered products/new.html.erb within layouts/application (13.9ms)
Completed 200 OK in 22ms (Views: 17.6ms | ActiveRecord: 0.0ms)


Started GET "/assets/application.css?body=1" for 127.0.0.1 at 2012-11-09 14:38:00 -0700
Served asset /application.css - 304 Not Modified (0ms)


Started GET "/assets/products.css?body=1" for 127.0.0.1 at 2012-11-09 14:38:00 -0700
Served asset /products.css - 304 Not Modified (0ms)


Started GET "/assets/scaffolds.css?body=1" for 127.0.0.1 at 2012-11-09 14:38:00 -0700
Served asset /scaffolds.css - 304 Not Modified (0ms)


Started GET "/assets/jquery.js?body=1" for 127.0.0.1 at 2012-11-09 14:38:00 -0700
Served asset /jquery.js - 304 Not Modified (0ms)


Started GET "/assets/jquery_ujs.js?body=1" for 127.0.0.1 at 2012-11-09 14:38:00 -0700
Served asset /jquery_ujs.js - 304 Not Modified (0ms)


Started GET "/assets/products.js?body=1" for 127.0.0.1 at 2012-11-09 14:38:00 -0700
Served asset /products.js - 304 Not Modified (0ms)


Started GET "/assets/application.js?body=1" for 127.0.0.1 at 2012-11-09 14:38:00 -0700
Served asset /application.js - 304 Not Modified (0ms)
Connecting to database specified by database.yml
  [1m[36m (0.1ms)[0m  [1mSELECT "schema_migrations"."version" FROM "schema_migrations" [0m
  [1m[35m (0.3ms)[0m  select sqlite_version(*)
  [1m[36m (1.9ms)[0m  [1mCREATE TABLE "products" ("id" INTEGER PRIMARY KEY AUTOINCREMENT NOT NULL, "title" varchar(255), "description" text, "image_url" varchar(255), "price" decimal(8,2), "created_at" datetime NOT NULL, "updated_at" datetime NOT NULL) [0m
  [1m[35m (0.7ms)[0m  CREATE TABLE "schema_migrations" ("version" varchar(255) NOT NULL) 
  [1m[36m (0.0ms)[0m  [1mPRAGMA index_list("schema_migrations")[0m
  [1m[35m (0.7ms)[0m  CREATE UNIQUE INDEX "unique_schema_migrations" ON "schema_migrations" ("version")
  [1m[36m (0.1ms)[0m  [1mSELECT version FROM "schema_migrations"[0m
  [1m[35m (0.5ms)[0m  INSERT INTO "schema_migrations" (version) VALUES ('20121109213125')
Connecting to database specified by database.yml
  [1m[36m (0.1ms)[0m  [1mSELECT "schema_migrations"."version" FROM "schema_migrations" [0m
  [1m[35mSQL (2.6ms)[0m  DELETE FROM "products"
  [1m[36m (0.0ms)[0m  [1mbegin transaction[0m
  [1m[35mSQL (8.5ms)[0m  INSERT INTO "products" ("created_at", "description", "image_url", "price", "title", "updated_at") VALUES (?, ?, ?, ?, ?, ?)  [["created_at", Fri, 09 Nov 2012 21:40:36 UTC +00:00], ["description", "<p>\n        CoffeeScript is JavaScript done right. It provides all of JavaScript's\n\tfunctionality wrapped in a cleaner, more succinct syntax. In the first\n\tbook on this exciting new language, CoffeeScript guru Trevor Burnham\n\tshows you how to hold onto all the power and flexibility of JavaScript\n\twhile writing clearer, cleaner, and safer code.\n      </p>"], ["image_url", "cs.jpg"], ["price", #<BigDecimal:7fccab489868,'0.36E2',9(18)>], ["title", "CoffeeScript"], ["updated_at", Fri, 09 Nov 2012 21:40:36 UTC +00:00]]
  [1m[36m (0.6ms)[0m  [1mcommit transaction[0m
  [1m[35m (0.0ms)[0m  begin transaction
  [1m[36mSQL (0.3ms)[0m  [1mINSERT INTO "products" ("created_at", "description", "image_url", "price", "title", "updated_at") VALUES (?, ?, ?, ?, ?, ?)[0m  [["created_at", Fri, 09 Nov 2012 21:40:36 UTC +00:00], ["description", "<p>\n        Ruby is the fastest growing and most exciting dynamic language\n        out there. If you need to get working programs delivered fast,\n        you should add Ruby to your toolbox.\n      </p>"], ["image_url", "ruby.jpg"], ["price", #<BigDecimal:7fccadf42500,'0.4995E2',18(18)>], ["title", "Programming Ruby 1.9"], ["updated_at", Fri, 09 Nov 2012 21:40:36 UTC +00:00]]
  [1m[35m (0.6ms)[0m  commit transaction
  [1m[36m (0.0ms)[0m  [1mbegin transaction[0m
  [1m[35mSQL (0.3ms)[0m  INSERT INTO "products" ("created_at", "description", "image_url", "price", "title", "updated_at") VALUES (?, ?, ?, ?, ?, ?)  [["created_at", Fri, 09 Nov 2012 21:40:36 UTC +00:00], ["description", "<p>\n        <em>Rails Test Prescriptions</em> is a comprehensive guide to testing\n        Rails applications, covering Test-Driven Development from both a\n        theoretical perspective (why to test) and from a practical perspective\n        (how to test effectively). It covers the core Rails testing tools and\n        procedures for Rails 2 and Rails 3, and introduces popular add-ons,\n        including Cucumber, Shoulda, Machinist, Mocha, and Rcov.\n      </p>"], ["image_url", "rtp.jpg"], ["price", #<BigDecimal:7fccad9e27e0,'0.3495E2',18(18)>], ["title", "Rails Test Prescriptions"], ["updated_at", Fri, 09 Nov 2012 21:40:36 UTC +00:00]]
  [1m[36m (0.5ms)[0m  [1mcommit transaction[0m
Connecting to database specified by database.yml
  [1m[36m (0.1ms)[0m  [1mSELECT "schema_migrations"."version" FROM "schema_migrations" [0m
  [1m[35m (0.2ms)[0m  select sqlite_version(*)
  [1m[36m (0.8ms)[0m  [1mCREATE TABLE "products" ("id" INTEGER PRIMARY KEY AUTOINCREMENT NOT NULL, "title" varchar(255), "description" text, "image_url" varchar(255), "price" decimal(8,2), "created_at" datetime NOT NULL, "updated_at" datetime NOT NULL) [0m
  [1m[35m (0.8ms)[0m  CREATE TABLE "schema_migrations" ("version" varchar(255) NOT NULL) 
  [1m[36m (0.0ms)[0m  [1mPRAGMA index_list("schema_migrations")[0m
  [1m[35m (0.6ms)[0m  CREATE UNIQUE INDEX "unique_schema_migrations" ON "schema_migrations" ("version")
  [1m[36m (0.1ms)[0m  [1mSELECT version FROM "schema_migrations"[0m
  [1m[35m (0.5ms)[0m  INSERT INTO "schema_migrations" (version) VALUES ('20121109213125')


Started GET "/assets/rails.png" for 127.0.0.1 at 2012-11-09 14:54:45 -0700
Connecting to database specified by database.yml
Served asset /rails.png - 304 Not Modified (2ms)


Started GET "/products" for 127.0.0.1 at 2012-11-09 14:54:52 -0700
Processing by ProductsController#index as HTML
  [1m[36mProduct Load (0.1ms)[0m  [1mSELECT "products".* FROM "products" [0m
  Rendered products/index.html.erb within layouts/application (78.3ms)
Compiled products.css  (22ms)  (pid 24567)
Compiled scaffolds.css  (6ms)  (pid 24567)
Compiled application.css  (0ms)  (pid 24567)
Completed 200 OK in 226ms (Views: 167.1ms | ActiveRecord: 4.6ms)


Started GET "/assets/scaffolds.css?body=1" for 127.0.0.1 at 2012-11-09 14:54:53 -0700
Served asset /scaffolds.css - 200 OK (3ms)


Started GET "/assets/jquery.js?body=1" for 127.0.0.1 at 2012-11-09 14:54:53 -0700
Served asset /jquery.js - 304 Not Modified (3ms)


Started GET "/assets/products.css?body=1" for 127.0.0.1 at 2012-11-09 14:54:53 -0700
Served asset /products.css - 200 OK (3ms)


Started GET "/assets/jquery_ujs.js?body=1" for 127.0.0.1 at 2012-11-09 14:54:53 -0700
Served asset /jquery_ujs.js - 304 Not Modified (2ms)


Started GET "/assets/application.css?body=1" for 127.0.0.1 at 2012-11-09 14:54:53 -0700
Served asset /application.css - 304 Not Modified (4ms)


Started GET "/assets/products.js?body=1" for 127.0.0.1 at 2012-11-09 14:54:53 -0700
Served asset /products.js - 304 Not Modified (2ms)


Started GET "/assets/application.js?body=1" for 127.0.0.1 at 2012-11-09 14:54:53 -0700
Served asset /application.js - 304 Not Modified (7ms)


Started GET "/assets/cs.jpg" for 127.0.0.1 at 2012-11-09 14:54:53 -0700
Served asset /cs.jpg - 404 Not Found (2ms)

ActionController::RoutingError (No route matches [GET] "/assets/cs.jpg"):
  actionpack (3.2.8) lib/action_dispatch/middleware/debug_exceptions.rb:21:in `call'
  actionpack (3.2.8) lib/action_dispatch/middleware/show_exceptions.rb:56:in `call'
  railties (3.2.8) lib/rails/rack/logger.rb:26:in `call_app'
  railties (3.2.8) lib/rails/rack/logger.rb:16:in `call'
  actionpack (3.2.8) lib/action_dispatch/middleware/request_id.rb:22:in `call'
  rack (1.4.1) lib/rack/methodoverride.rb:21:in `call'
  rack (1.4.1) lib/rack/runtime.rb:17:in `call'
  activesupport (3.2.8) lib/active_support/cache/strategy/local_cache.rb:72:in `call'
  rack (1.4.1) lib/rack/lock.rb:15:in `call'
  actionpack (3.2.8) lib/action_dispatch/middleware/static.rb:62:in `call'
  railties (3.2.8) lib/rails/engine.rb:479:in `call'
  railties (3.2.8) lib/rails/application.rb:223:in `call'
  rack (1.4.1) lib/rack/content_length.rb:14:in `call'
  railties (3.2.8) lib/rails/rack/log_tailer.rb:17:in `call'
  rack (1.4.1) lib/rack/handler/webrick.rb:59:in `service'
  /Users/vicenteleyba/.rvm/rubies/ruby-1.9.2-p290/lib/ruby/1.9.1/webrick/httpserver.rb:111:in `service'
  /Users/vicenteleyba/.rvm/rubies/ruby-1.9.2-p290/lib/ruby/1.9.1/webrick/httpserver.rb:70:in `run'
  /Users/vicenteleyba/.rvm/rubies/ruby-1.9.2-p290/lib/ruby/1.9.1/webrick/server.rb:183:in `block in start_thread'


  Rendered /Users/vicenteleyba/.rvm/gems/ruby-1.9.2-p290/gems/actionpack-3.2.8/lib/action_dispatch/middleware/templates/rescues/routing_error.erb within rescues/layout (1.3ms)


Started GET "/assets/ruby.jpg" for 127.0.0.1 at 2012-11-09 14:54:53 -0700
Served asset /ruby.jpg - 404 Not Found (2ms)

ActionController::RoutingError (No route matches [GET] "/assets/ruby.jpg"):
  actionpack (3.2.8) lib/action_dispatch/middleware/debug_exceptions.rb:21:in `call'
  actionpack (3.2.8) lib/action_dispatch/middleware/show_exceptions.rb:56:in `call'
  railties (3.2.8) lib/rails/rack/logger.rb:26:in `call_app'
  railties (3.2.8) lib/rails/rack/logger.rb:16:in `call'
  actionpack (3.2.8) lib/action_dispatch/middleware/request_id.rb:22:in `call'
  rack (1.4.1) lib/rack/methodoverride.rb:21:in `call'
  rack (1.4.1) lib/rack/runtime.rb:17:in `call'
  activesupport (3.2.8) lib/active_support/cache/strategy/local_cache.rb:72:in `call'
  rack (1.4.1) lib/rack/lock.rb:15:in `call'
  actionpack (3.2.8) lib/action_dispatch/middleware/static.rb:62:in `call'
  railties (3.2.8) lib/rails/engine.rb:479:in `call'
  railties (3.2.8) lib/rails/application.rb:223:in `call'
  rack (1.4.1) lib/rack/content_length.rb:14:in `call'
  railties (3.2.8) lib/rails/rack/log_tailer.rb:17:in `call'
  rack (1.4.1) lib/rack/handler/webrick.rb:59:in `service'
  /Users/vicenteleyba/.rvm/rubies/ruby-1.9.2-p290/lib/ruby/1.9.1/webrick/httpserver.rb:111:in `service'
  /Users/vicenteleyba/.rvm/rubies/ruby-1.9.2-p290/lib/ruby/1.9.1/webrick/httpserver.rb:70:in `run'
  /Users/vicenteleyba/.rvm/rubies/ruby-1.9.2-p290/lib/ruby/1.9.1/webrick/server.rb:183:in `block in start_thread'


  Rendered /Users/vicenteleyba/.rvm/gems/ruby-1.9.2-p290/gems/actionpack-3.2.8/lib/action_dispatch/middleware/templates/rescues/routing_error.erb within rescues/layout (0.5ms)


Started GET "/assets/rtp.jpg" for 127.0.0.1 at 2012-11-09 14:54:53 -0700
Served asset /rtp.jpg - 404 Not Found (4ms)

ActionController::RoutingError (No route matches [GET] "/assets/rtp.jpg"):
  actionpack (3.2.8) lib/action_dispatch/middleware/debug_exceptions.rb:21:in `call'
  actionpack (3.2.8) lib/action_dispatch/middleware/show_exceptions.rb:56:in `call'
  railties (3.2.8) lib/rails/rack/logger.rb:26:in `call_app'
  railties (3.2.8) lib/rails/rack/logger.rb:16:in `call'
  actionpack (3.2.8) lib/action_dispatch/middleware/request_id.rb:22:in `call'
  rack (1.4.1) lib/rack/methodoverride.rb:21:in `call'
  rack (1.4.1) lib/rack/runtime.rb:17:in `call'
  activesupport (3.2.8) lib/active_support/cache/strategy/local_cache.rb:72:in `call'
  rack (1.4.1) lib/rack/lock.rb:15:in `call'
  actionpack (3.2.8) lib/action_dispatch/middleware/static.rb:62:in `call'
  railties (3.2.8) lib/rails/engine.rb:479:in `call'
  railties (3.2.8) lib/rails/application.rb:223:in `call'
  rack (1.4.1) lib/rack/content_length.rb:14:in `call'
  railties (3.2.8) lib/rails/rack/log_tailer.rb:17:in `call'
  rack (1.4.1) lib/rack/handler/webrick.rb:59:in `service'
  /Users/vicenteleyba/.rvm/rubies/ruby-1.9.2-p290/lib/ruby/1.9.1/webrick/httpserver.rb:111:in `service'
  /Users/vicenteleyba/.rvm/rubies/ruby-1.9.2-p290/lib/ruby/1.9.1/webrick/httpserver.rb:70:in `run'
  /Users/vicenteleyba/.rvm/rubies/ruby-1.9.2-p290/lib/ruby/1.9.1/webrick/server.rb:183:in `block in start_thread'


  Rendered /Users/vicenteleyba/.rvm/gems/ruby-1.9.2-p290/gems/actionpack-3.2.8/lib/action_dispatch/middleware/templates/rescues/routing_error.erb within rescues/layout (0.7ms)


Started GET "/products" for 127.0.0.1 at 2012-11-09 14:55:54 -0700
Processing by ProductsController#index as HTML
  [1m[35mProduct Load (0.2ms)[0m  SELECT "products".* FROM "products" 
  Rendered products/index.html.erb within layouts/application (2.8ms)
Completed 200 OK in 7ms (Views: 6.3ms | ActiveRecord: 0.2ms)


Started GET "/assets/application.css?body=1" for 127.0.0.1 at 2012-11-09 14:55:54 -0700
Served asset /application.css - 304 Not Modified (0ms)


Started GET "/assets/jquery.js?body=1" for 127.0.0.1 at 2012-11-09 14:55:54 -0700
Served asset /jquery.js - 304 Not Modified (0ms)


Started GET "/assets/jquery_ujs.js?body=1" for 127.0.0.1 at 2012-11-09 14:55:54 -0700
Served asset /jquery_ujs.js - 304 Not Modified (0ms)


Started GET "/assets/application.js?body=1" for 127.0.0.1 at 2012-11-09 14:55:54 -0700
Served asset /application.js - 304 Not Modified (0ms)


Started GET "/assets/products.js?body=1" for 127.0.0.1 at 2012-11-09 14:55:54 -0700
Served asset /products.js - 304 Not Modified (0ms)


Started GET "/assets/products.css?body=1" for 127.0.0.1 at 2012-11-09 14:55:54 -0700
Served asset /products.css - 304 Not Modified (0ms)


Started GET "/assets/ruby.jpg" for 127.0.0.1 at 2012-11-09 14:55:54 -0700
Served asset /ruby.jpg - 200 OK (4ms)


Started GET "/assets/rtp.jpg" for 127.0.0.1 at 2012-11-09 14:55:54 -0700
Served asset /rtp.jpg - 200 OK (6ms)


Started GET "/assets/cs.jpg" for 127.0.0.1 at 2012-11-09 14:55:54 -0700
Served asset /cs.jpg - 200 OK (37ms)


Started GET "/products" for 127.0.0.1 at 2012-11-09 14:55:55 -0700
Processing by ProductsController#index as HTML
  [1m[36mProduct Load (0.2ms)[0m  [1mSELECT "products".* FROM "products" [0m
  Rendered products/index.html.erb within layouts/application (2.8ms)
Completed 200 OK in 8ms (Views: 6.9ms | ActiveRecord: 0.2ms)


Started GET "/assets/application.css?body=1" for 127.0.0.1 at 2012-11-09 14:55:55 -0700
Served asset /application.css - 304 Not Modified (0ms)


Started GET "/assets/products.css?body=1" for 127.0.0.1 at 2012-11-09 14:55:55 -0700
Served asset /products.css - 304 Not Modified (0ms)


Started GET "/assets/jquery.js?body=1" for 127.0.0.1 at 2012-11-09 14:55:55 -0700
Served asset /jquery.js - 304 Not Modified (0ms)


Started GET "/assets/products.js?body=1" for 127.0.0.1 at 2012-11-09 14:55:55 -0700
Served asset /products.js - 304 Not Modified (0ms)


Started GET "/assets/application.js?body=1" for 127.0.0.1 at 2012-11-09 14:55:55 -0700
Served asset /application.js - 304 Not Modified (0ms)


Started GET "/assets/jquery_ujs.js?body=1" for 127.0.0.1 at 2012-11-09 14:55:55 -0700
Served asset /jquery_ujs.js - 304 Not Modified (0ms)


Started GET "/assets/rails.png" for 127.0.0.1 at 2012-11-09 14:57:14 -0700
Served asset /rails.png - 304 Not Modified (0ms)


Started GET "/products/new" for 127.0.0.1 at 2012-11-09 14:57:24 -0700
Processing by ProductsController#new as HTML
  Rendered products/_form.html.erb (5.2ms)
  Rendered products/new.html.erb within layouts/application (11.1ms)
Completed 200 OK in 15ms (Views: 14.7ms | ActiveRecord: 0.0ms)


Started GET "/assets/application.css?body=1" for 127.0.0.1 at 2012-11-09 14:57:24 -0700
Served asset /application.css - 304 Not Modified (0ms)


Started GET "/assets/products.css?body=1" for 127.0.0.1 at 2012-11-09 14:57:24 -0700
Served asset /products.css - 304 Not Modified (0ms)


Started GET "/assets/scaffolds.css?body=1" for 127.0.0.1 at 2012-11-09 14:57:24 -0700
Served asset /scaffolds.css - 304 Not Modified (0ms)


Started GET "/assets/jquery.js?body=1" for 127.0.0.1 at 2012-11-09 14:57:24 -0700
Served asset /jquery.js - 304 Not Modified (0ms)


Started GET "/assets/jquery_ujs.js?body=1" for 127.0.0.1 at 2012-11-09 14:57:24 -0700
Served asset /jquery_ujs.js - 304 Not Modified (0ms)


Started GET "/assets/products.js?body=1" for 127.0.0.1 at 2012-11-09 14:57:24 -0700
Served asset /products.js - 304 Not Modified (0ms)


Started GET "/assets/application.js?body=1" for 127.0.0.1 at 2012-11-09 14:57:24 -0700
Served asset /application.js - 304 Not Modified (0ms)
